<?xml version="1.0" encoding="UTF-8"?>
<testng-results ignored="0" total="4" passed="4" failed="0" skipped="0">
  <reporter-output>
  </reporter-output>
  <suite started-at="2025-07-17T14:48:15 IST" name="Suite" finished-at="2025-07-17T14:48:32 IST" duration-ms="17267">
    <groups>
      <group name="Master">
        <method signature="TC_001AccountregisterTest.verify_registerpage()[pri:0, instance:testcases.TC_001AccountregisterTest@7ca33c24]" name="verify_registerpage" class="testcases.TC_001AccountregisterTest"/>
        <method signature="TC_002LoginTest.Verify_login()[pri:0, instance:testcases.TC_002LoginTest@35d08e6c]" name="Verify_login" class="testcases.TC_002LoginTest"/>
        <method signature="TC_001AccountregisterTest.verify_registerpage()[pri:0, instance:testcases.TC_001AccountregisterTest@71cf1b07]" name="verify_registerpage" class="testcases.TC_001AccountregisterTest"/>
        <method signature="TC_002LoginTest.Verify_login()[pri:0, instance:testcases.TC_002LoginTest@1d131e1b]" name="Verify_login" class="testcases.TC_002LoginTest"/>
      </group> <!-- Master -->
      <group name="Sanity">
        <method signature="TC_001AccountregisterTest.verify_registerpage()[pri:0, instance:testcases.TC_001AccountregisterTest@7ca33c24]" name="verify_registerpage" class="testcases.TC_001AccountregisterTest"/>
        <method signature="TC_001AccountregisterTest.verify_registerpage()[pri:0, instance:testcases.TC_001AccountregisterTest@71cf1b07]" name="verify_registerpage" class="testcases.TC_001AccountregisterTest"/>
      </group> <!-- Sanity -->
      <group name="Regression">
        <method signature="TC_002LoginTest.Verify_login()[pri:0, instance:testcases.TC_002LoginTest@35d08e6c]" name="Verify_login" class="testcases.TC_002LoginTest"/>
        <method signature="TC_002LoginTest.Verify_login()[pri:0, instance:testcases.TC_002LoginTest@1d131e1b]" name="Verify_login" class="testcases.TC_002LoginTest"/>
      </group> <!-- Regression -->
    </groups>
    <test started-at="2025-07-17T14:48:15 IST" name="Test" finished-at="2025-07-17T14:48:21 IST" duration-ms="6194">
      <class name="testcases.TC_001AccountregisterTest">
        <test-method is-config="true" signature="setup(java.lang.String,java.lang.String)[pri:0, instance:testcases.TC_001AccountregisterTest@7ca33c24]" started-at="2025-07-17T14:48:18 IST" name="setup" finished-at="2025-07-17T14:48:19 IST" duration-ms="1064" status="PASS">
          <params>
            <param index="0">
              <value>
                <![CDATA[Linux]]>
              </value>
            </param>
            <param index="1">
              <value>
                <![CDATA[chrome]]>
              </value>
            </param>
          </params>
          <reporter-output>
          </reporter-output>
        </test-method> <!-- setup -->
        <test-method signature="verify_registerpage()[pri:0, instance:testcases.TC_001AccountregisterTest@7ca33c24]" started-at="2025-07-17T14:48:19 IST" name="verify_registerpage" finished-at="2025-07-17T14:48:21 IST" duration-ms="1713" status="PASS">
          <reporter-output>
          </reporter-output>
        </test-method> <!-- verify_registerpage -->
        <test-method is-config="true" signature="teardown()[pri:0, instance:testcases.TC_001AccountregisterTest@7ca33c24]" started-at="2025-07-17T14:48:21 IST" name="teardown" finished-at="2025-07-17T14:48:21 IST" duration-ms="78" status="PASS">
          <reporter-output>
          </reporter-output>
        </test-method> <!-- teardown -->
      </class> <!-- testcases.TC_001AccountregisterTest -->
      <class name="testcases.TC_002LoginTest">
        <test-method is-config="true" signature="setup(java.lang.String,java.lang.String)[pri:0, instance:testcases.TC_002LoginTest@35d08e6c]" started-at="2025-07-17T14:48:15 IST" name="setup" finished-at="2025-07-17T14:48:17 IST" duration-ms="1869" status="PASS">
          <params>
            <param index="0">
              <value>
                <![CDATA[Linux]]>
              </value>
            </param>
            <param index="1">
              <value>
                <![CDATA[chrome]]>
              </value>
            </param>
          </params>
          <reporter-output>
          </reporter-output>
        </test-method> <!-- setup -->
        <test-method signature="Verify_login()[pri:0, instance:testcases.TC_002LoginTest@35d08e6c]" started-at="2025-07-17T14:48:17 IST" name="Verify_login" finished-at="2025-07-17T14:48:18 IST" duration-ms="1215" status="PASS">
          <reporter-output>
          </reporter-output>
        </test-method> <!-- Verify_login -->
        <test-method is-config="true" signature="teardown()[pri:0, instance:testcases.TC_002LoginTest@35d08e6c]" started-at="2025-07-17T14:48:18 IST" name="teardown" finished-at="2025-07-17T14:48:18 IST" duration-ms="78" status="PASS">
          <reporter-output>
          </reporter-output>
        </test-method> <!-- teardown -->
      </class> <!-- testcases.TC_002LoginTest -->
    </test> <!-- Test -->
    <test started-at="2025-07-17T14:48:22 IST" name="Test1" finished-at="2025-07-17T14:48:32 IST" duration-ms="10171">
      <class name="testcases.TC_001AccountregisterTest">
        <test-method is-config="true" signature="setup(java.lang.String,java.lang.String)[pri:0, instance:testcases.TC_001AccountregisterTest@71cf1b07]" started-at="2025-07-17T14:48:27 IST" name="setup" finished-at="2025-07-17T14:48:30 IST" duration-ms="2888" status="PASS">
          <params>
            <param index="0">
              <value>
                <![CDATA[Linux]]>
              </value>
            </param>
            <param index="1">
              <value>
                <![CDATA[firefox]]>
              </value>
            </param>
          </params>
          <reporter-output>
          </reporter-output>
        </test-method> <!-- setup -->
        <test-method signature="verify_registerpage()[pri:0, instance:testcases.TC_001AccountregisterTest@71cf1b07]" started-at="2025-07-17T14:48:30 IST" name="verify_registerpage" finished-at="2025-07-17T14:48:32 IST" duration-ms="1851" status="PASS">
          <reporter-output>
          </reporter-output>
        </test-method> <!-- verify_registerpage -->
        <test-method is-config="true" signature="teardown()[pri:0, instance:testcases.TC_001AccountregisterTest@71cf1b07]" started-at="2025-07-17T14:48:32 IST" name="teardown" finished-at="2025-07-17T14:48:32 IST" duration-ms="659" status="PASS">
          <reporter-output>
          </reporter-output>
        </test-method> <!-- teardown -->
      </class> <!-- testcases.TC_001AccountregisterTest -->
      <class name="testcases.TC_002LoginTest">
        <test-method is-config="true" signature="setup(java.lang.String,java.lang.String)[pri:0, instance:testcases.TC_002LoginTest@1d131e1b]" started-at="2025-07-17T14:48:22 IST" name="setup" finished-at="2025-07-17T14:48:25 IST" duration-ms="2763" status="PASS">
          <params>
            <param index="0">
              <value>
                <![CDATA[Linux]]>
              </value>
            </param>
            <param index="1">
              <value>
                <![CDATA[firefox]]>
              </value>
            </param>
          </params>
          <reporter-output>
          </reporter-output>
        </test-method> <!-- setup -->
        <test-method signature="Verify_login()[pri:0, instance:testcases.TC_002LoginTest@1d131e1b]" started-at="2025-07-17T14:48:25 IST" name="Verify_login" finished-at="2025-07-17T14:48:26 IST" duration-ms="1325" status="PASS">
          <reporter-output>
          </reporter-output>
        </test-method> <!-- Verify_login -->
        <test-method is-config="true" signature="teardown()[pri:0, instance:testcases.TC_002LoginTest@1d131e1b]" started-at="2025-07-17T14:48:26 IST" name="teardown" finished-at="2025-07-17T14:48:27 IST" duration-ms="679" status="PASS">
          <reporter-output>
          </reporter-output>
        </test-method> <!-- teardown -->
      </class> <!-- testcases.TC_002LoginTest -->
    </test> <!-- Test1 -->
  </suite> <!-- Suite -->
</testng-results>
